2015-05-26 03:25:40.505 HelloCordova[8518:536959] DiskCookieStorage changing policy from 2 to 0, cookie file: file:///Users/kinch/Library/Developer/CoreSimulator/Devices/1D26420A-246C-4C9C-8810-B155D48322C1/data/Containers/Data/Application/6C29D799-BF77-43B1-9E28-A5B8E2046A73/Library/Cookies/Cookies.binarycookies
2015-05-26 03:25:40.879 HelloCordova[8518:536959] Apache Cordova native platform version 3.8.0 is starting.
2015-05-26 03:25:40.879 HelloCordova[8518:536959] Multi-tasking -> Device: YES, App: YES
2015-05-26 03:25:40.908 HelloCordova[8518:536959] Unlimited access to network resources
2015-05-26 03:25:40.930 HelloCordova[8518:536959] 

Started backup to iCloud! Please be careful.
Your application might be rejected by Apple if you store too much data.
For more information please read "iOS Data Storage Guidelines" at:
https://developer.apple.com/icloud/documentation/data-storage/
To disable web storage backup to iCloud, set the BackupWebStorage preference to "local" in the Cordova config.xml file

2015-05-26 03:25:41.919 HelloCordova[8518:536959] Resetting plugins due to page load.
2015-05-26 03:25:42.093 HelloCordova[8518:536959] Finished load of: file:///Users/kinch/Library/Developer/CoreSimulator/Devices/1D26420A-246C-4C9C-8810-B155D48322C1/data/Containers/Bundle/Application/978E88B5-90B8-489C-BE0E-B6AE55868DC5/HelloCordova.app/www/index.html#/
2015-05-26 03:25:59.796 HelloCordova[8518:537086] Communications error: <OS_xpc_error: <error: 0x2d465f4> { count = 1, contents =
	"XPCErrorDescription" => <string: 0x2d4683c> { length = 22, contents = "Connection interrupted" }
}>
2015-05-26 03:26:53.055 HelloCordova[9009:538720] DiskCookieStorage changing policy from 2 to 0, cookie file: file:///Users/kinch/Library/Developer/CoreSimulator/Devices/1D26420A-246C-4C9C-8810-B155D48322C1/data/Containers/Data/Application/5CDBB131-B821-4242-A04D-CA46BBF79C67/Library/Cookies/Cookies.binarycookies
2015-05-26 03:26:53.171 HelloCordova[9009:538720] Apache Cordova native platform version 3.8.0 is starting.
2015-05-26 03:26:53.172 HelloCordova[9009:538720] Multi-tasking -> Device: YES, App: YES
2015-05-26 03:26:53.185 HelloCordova[9009:538720] Unlimited access to network resources
2015-05-26 03:26:53.188 HelloCordova[9009:538720] 

Started backup to iCloud! Please be careful.
Your application might be rejected by Apple if you store too much data.
For more information please read "iOS Data Storage Guidelines" at:
https://developer.apple.com/icloud/documentation/data-storage/
To disable web storage backup to iCloud, set the BackupWebStorage preference to "local" in the Cordova config.xml file

2015-05-26 03:26:53.325 HelloCordova[9009:538720] Resetting plugins due to page load.
2015-05-26 03:26:53.401 HelloCordova[9009:538720] Finished load of: file:///Users/kinch/Library/Developer/CoreSimulator/Devices/1D26420A-246C-4C9C-8810-B155D48322C1/data/Containers/Bundle/Application/F7F82B08-CF00-42D6-8E92-DAD42CB1A4CA/HelloCordova.app/www/index.html#/
2015-05-26 03:29:47.673 HelloCordova[9728:541313] DiskCookieStorage changing policy from 2 to 0, cookie file: file:///Users/kinch/Library/Developer/CoreSimulator/Devices/1D26420A-246C-4C9C-8810-B155D48322C1/data/Containers/Data/Application/8A3D4156-6A57-4D7C-97CA-8CCEF8DAB8EB/Library/Cookies/Cookies.binarycookies
2015-05-26 03:29:48.794 HelloCordova[9728:541313] Apache Cordova native platform version 3.8.0 is starting.
2015-05-26 03:29:48.794 HelloCordova[9728:541313] Multi-tasking -> Device: YES, App: YES
2015-05-26 03:29:48.855 HelloCordova[9728:541313] Unlimited access to network resources
2015-05-26 03:29:48.858 HelloCordova[9728:541313] 

Started backup to iCloud! Please be careful.
Your application might be rejected by Apple if you store too much data.
For more information please read "iOS Data Storage Guidelines" at:
https://developer.apple.com/icloud/documentation/data-storage/
To disable web storage backup to iCloud, set the BackupWebStorage preference to "local" in the Cordova config.xml file

2015-05-26 03:29:50.079 HelloCordova[9728:541313] Resetting plugins due to page load.
2015-05-26 03:29:50.145 HelloCordova[9728:541313] Finished load of: file:///Users/kinch/Library/Developer/CoreSimulator/Devices/1D26420A-246C-4C9C-8810-B155D48322C1/data/Containers/Bundle/Application/3D4D6853-A288-4457-ABE9-9DCF6245D4C7/HelloCordova.app/www/index.html#/
2015-05-26 03:30:01.132 HelloCordova[9728:541568] Terminating since there is no system app.
2015-05-26 03:32:13.020 HelloCordova[10399:543829] DiskCookieStorage changing policy from 2 to 0, cookie file: file:///Users/kinch/Library/Developer/CoreSimulator/Devices/1D26420A-246C-4C9C-8810-B155D48322C1/data/Containers/Data/Application/B132F9E4-CF6D-43CD-B7DB-8D6CA3F02AB6/Library/Cookies/Cookies.binarycookies
2015-05-26 03:32:13.144 HelloCordova[10399:543829] Apache Cordova native platform version 3.8.0 is starting.
2015-05-26 03:32:13.144 HelloCordova[10399:543829] Multi-tasking -> Device: YES, App: YES
2015-05-26 03:32:13.162 HelloCordova[10399:543829] Unlimited access to network resources
2015-05-26 03:32:13.165 HelloCordova[10399:543829] 

Started backup to iCloud! Please be careful.
Your application might be rejected by Apple if you store too much data.
For more information please read "iOS Data Storage Guidelines" at:
https://developer.apple.com/icloud/documentation/data-storage/
To disable web storage backup to iCloud, set the BackupWebStorage preference to "local" in the Cordova config.xml file

2015-05-26 03:32:13.291 HelloCordova[10399:543829] Resetting plugins due to page load.
2015-05-26 03:32:13.388 HelloCordova[10399:543829] Finished load of: file:///Users/kinch/Library/Developer/CoreSimulator/Devices/1D26420A-246C-4C9C-8810-B155D48322C1/data/Containers/Bundle/Application/9209168A-1CF5-4FA2-A99E-2967931CF2E4/HelloCordova.app/www/index.html#/
2015-05-26 03:32:26.030 HelloCordova[10399:544071] Terminating since there is no system app.
2015-05-26 22:27:09.467 HelloCordova[34881:639503] DiskCookieStorage changing policy from 2 to 0, cookie file: file:///Users/kinch/Library/Developer/CoreSimulator/Devices/1D26420A-246C-4C9C-8810-B155D48322C1/data/Containers/Data/Application/D265BE3B-D2B4-4731-947A-0508DDEDE6C5/Library/Cookies/Cookies.binarycookies
2015-05-26 22:27:10.074 HelloCordova[34881:639503] Apache Cordova native platform version 3.8.0 is starting.
2015-05-26 22:27:10.074 HelloCordova[34881:639503] Multi-tasking -> Device: YES, App: YES
2015-05-26 22:27:10.124 HelloCordova[34881:639503] Unlimited access to network resources
2015-05-26 22:27:10.216 HelloCordova[34881:639503] 

Started backup to iCloud! Please be careful.
Your application might be rejected by Apple if you store too much data.
For more information please read "iOS Data Storage Guidelines" at:
https://developer.apple.com/icloud/documentation/data-storage/
To disable web storage backup to iCloud, set the BackupWebStorage preference to "local" in the Cordova config.xml file

2015-05-26 22:27:10.868 HelloCordova[34881:639503] Resetting plugins due to page load.
2015-05-26 22:27:11.031 HelloCordova[34881:639503] Finished load of: file:///Users/kinch/Library/Developer/CoreSimulator/Devices/1D26420A-246C-4C9C-8810-B155D48322C1/data/Containers/Bundle/Application/0DFFDF80-7296-4451-82CB-E38610295955/HelloCordova.app/www/index.html#/
2015-05-26 22:35:38.279 HelloCordova[36760:704377] DiskCookieStorage changing policy from 2 to 0, cookie file: file:///Users/kinch/Library/Developer/CoreSimulator/Devices/1D26420A-246C-4C9C-8810-B155D48322C1/data/Containers/Data/Application/1C38B5A5-7C86-4CF3-99B0-304DE5B15346/Library/Cookies/Cookies.binarycookies
2015-05-26 22:35:38.416 HelloCordova[36760:704377] Apache Cordova native platform version 3.8.0 is starting.
2015-05-26 22:35:38.416 HelloCordova[36760:704377] Multi-tasking -> Device: YES, App: YES
2015-05-26 22:35:38.451 HelloCordova[36760:704377] Unlimited access to network resources
2015-05-26 22:35:38.454 HelloCordova[36760:704377] 

Started backup to iCloud! Please be careful.
Your application might be rejected by Apple if you store too much data.
For more information please read "iOS Data Storage Guidelines" at:
https://developer.apple.com/icloud/documentation/data-storage/
To disable web storage backup to iCloud, set the BackupWebStorage preference to "local" in the Cordova config.xml file

2015-05-26 22:35:38.992 HelloCordova[36760:704377] Resetting plugins due to page load.
2015-05-26 22:35:39.080 HelloCordova[36760:704377] Finished load of: file:///Users/kinch/Library/Developer/CoreSimulator/Devices/1D26420A-246C-4C9C-8810-B155D48322C1/data/Containers/Bundle/Application/30D5CC11-863C-40F7-9EE0-5FAD4CA89A2D/HelloCordova.app/www/index.html#/
